syntax error
===================================================================================================================
Symbol Table: Global                                                             Parent: null
-------------------------------------------------------------------------------------------------------------------
Name                Type           Category            Initial Value       Size        Offset      Nested
-------------------------------------------------------------------------------------------------------------------
printInt            integer             function            null           4              0         ptr-to-ST(printInt)
printStr            integer             function            null           4              4         ptr-to-ST(printStr)
readInt             integer             function            null           4              8         ptr-to-ST(readInt)
quickSort           void                function            null           0              12        ptr-to-ST(quickSort)
-------------------------------------------------------------------------------------------------------------------

===================================================================================================================
Symbol Table: printInt                                                           Parent: Global
-------------------------------------------------------------------------------------------------------------------
Name                Type           Category            Initial Value       Size        Offset      Nested
-------------------------------------------------------------------------------------------------------------------
num                 integer             param               null           4              0         null
retVal              integer             local               null           4              4         null
-------------------------------------------------------------------------------------------------------------------

===================================================================================================================
Symbol Table: printStr                                                           Parent: Global
-------------------------------------------------------------------------------------------------------------------
Name                Type           Category            Initial Value       Size        Offset      Nested
-------------------------------------------------------------------------------------------------------------------
c                   ptr(char)           param               null           4              0         null
retVal              integer             local               null           4              4         null
-------------------------------------------------------------------------------------------------------------------

===================================================================================================================
Symbol Table: readInt                                                            Parent: Global
-------------------------------------------------------------------------------------------------------------------
Name                Type           Category            Initial Value       Size        Offset      Nested
-------------------------------------------------------------------------------------------------------------------
eP                  ptr(integer)        param               null           4              0         null
retVal              integer             local               null           4              4         null
-------------------------------------------------------------------------------------------------------------------

===================================================================================================================
Symbol Table: quickSort                                                          Parent: Global
-------------------------------------------------------------------------------------------------------------------
Name                Type           Category            Initial Value       Size        Offset      Nested
-------------------------------------------------------------------------------------------------------------------
a                   arr(0, integer)     param               null           0              0         null
lo                  integer             param               null           4              0         null
hi                  integer             param               null           4              4         null
retVal              void                local               null           0              8         null
r                   integer             local               null           4              8         null
i                   integer             local               null           4              12        null
j                   integer             local               null           4              16        null
t                   integer             local               null           4              20        null
x                   integer             local               null           4              24        null
h                   integer             local               null           4              28        null
t00                 integer             temp                null           4              32        null
t01                 integer             temp                null           4              36        null
t02                 integer             temp                null           4              40        null
-------------------------------------------------------------------------------------------------------------------

==============================
Three address code translation
------------------------------

quickSort: 

	   1:	i = lo
	   2:	j = hi
	   3:	t00 = lo + hi
	   4:	r = t00
	   5:	r = r
------------------------------
